{"level":"info","message":"Hello from Acquisitions!","service":"acquisitions-api"}
{"level":"info","message":"::1 - - [02/Jul/2026:09:33:33 +0000] \"GET / HTTP/1.1\" 304 - \"-\" \"Mozilla/5.0 (Windows NT 10.0; Win64; x64) AppleWebKit/537.36 (KHTML, like Gecko) Chrome/149.0.0.0 Safari/537.36\"","service":"acquisitions-api"}
{"level":"info","message":"::1 - - [02/Jul/2026:09:33:33 +0000] \"GET /favicon.ico HTTP/1.1\" 404 150 \"-\" \"Mozilla/5.0 (Windows NT 10.0; Win64; x64) AppleWebKit/537.36 (KHTML, like Gecko) Chrome/149.0.0.0 Safari/537.36\"","service":"acquisitions-api"}
{"level":"info","message":"Hello from Acquisitions!","service":"acquisitions-api"}
{"level":"info","message":"::1 - - [02/Jul/2026:09:35:15 +0000] \"GET / HTTP/1.1\" 304 - \"-\" \"Mozilla/5.0 (Windows NT 10.0; Win64; x64) AppleWebKit/537.36 (KHTML, like Gecko) Chrome/149.0.0.0 Safari/537.36\"","service":"acquisitions-api"}
{"level":"info","message":"::1 - - [02/Jul/2026:09:35:15 +0000] \"GET /favicon.ico HTTP/1.1\" 404 150 \"-\" \"Mozilla/5.0 (Windows NT 10.0; Win64; x64) AppleWebKit/537.36 (KHTML, like Gecko) Chrome/149.0.0.0 Safari/537.36\"","service":"acquisitions-api"}
{"level":"info","message":"Hello from Acquisitions!","service":"acquisitions-api"}
{"level":"info","message":"::1 - - [17/Jul/2026:14:39:26 +0000] \"GET / HTTP/1.1\" 304 - \"-\" \"Mozilla/5.0 (Windows NT 10.0; Win64; x64) AppleWebKit/537.36 (KHTML, like Gecko) Chrome/150.0.0.0 Safari/537.36\"","service":"acquisitions-api"}
{"level":"info","message":"::1 - - [17/Jul/2026:14:39:26 +0000] \"GET /favicon.ico HTTP/1.1\" 404 150 \"-\" \"Mozilla/5.0 (Windows NT 10.0; Win64; x64) AppleWebKit/537.36 (KHTML, like Gecko) Chrome/150.0.0.0 Safari/537.36\"","service":"acquisitions-api"}
{"level":"info","message":"Hello from Acquisitions!","service":"acquisitions-api"}
{"level":"info","message":"::1 - - [17/Jul/2026:14:45:33 +0000] \"GET / HTTP/1.1\" 200 24 \"-\" \"HTTPie\"","service":"acquisitions-api"}
{"level":"info","message":"::1 - - [17/Jul/2026:14:46:02 +0000] \"GET /api HTTP/1.1\" 200 42 \"-\" \"HTTPie\"","service":"acquisitions-api"}
{"level":"info","message":"::1 - - [17/Jul/2026:14:46:15 +0000] \"GET /health HTTP/1.1\" 200 74 \"-\" \"HTTPie\"","service":"acquisitions-api"}
{"level":"info","message":"::1 - - [17/Jul/2026:14:46:47 +0000] \"POST /api/auth/sign-in HTTP/1.1\" 200 31 \"-\" \"HTTPie\"","service":"acquisitions-api"}
{"level":"info","message":"::1 - - [17/Jul/2026:15:13:36 +0000] \"POST /api/auth/sign-up HTTP/1.1\" 200 31 \"-\" \"HTTPie\"","service":"acquisitions-api"}
{"level":"error","message":"Signup error signupSchema is not defined","service":"acquisitions-api","stack":"ReferenceError: signupSchema is not defined\n    at signup (file:///C:/Users/fuadr/WebstormProjects/acquisitions/src/controllers/auth.controller.js:5:30)\n    at Layer.handleRequest (C:\\Users\\fuadr\\WebstormProjects\\acquisitions\\node_modules\\router\\lib\\layer.js:152:17)\n    at next (C:\\Users\\fuadr\\WebstormProjects\\acquisitions\\node_modules\\router\\lib\\route.js:157:13)\n    at Route.dispatch (C:\\Users\\fuadr\\WebstormProjects\\acquisitions\\node_modules\\router\\lib\\route.js:117:3)\n    at handle (C:\\Users\\fuadr\\WebstormProjects\\acquisitions\\node_modules\\router\\index.js:435:11)\n    at Layer.handleRequest (C:\\Users\\fuadr\\WebstormProjects\\acquisitions\\node_modules\\router\\lib\\layer.js:152:17)\n    at C:\\Users\\fuadr\\WebstormProjects\\acquisitions\\node_modules\\router\\index.js:295:15\n    at processParams (C:\\Users\\fuadr\\WebstormProjects\\acquisitions\\node_modules\\router\\index.js:582:12)\n    at next (C:\\Users\\fuadr\\WebstormProjects\\acquisitions\\node_modules\\router\\index.js:291:5)\n    at Function.handle (C:\\Users\\fuadr\\WebstormProjects\\acquisitions\\node_modules\\router\\index.js:186:3)"}
{"level":"info","message":"::1 - - [17/Jul/2026:15:14:23 +0000] \"POST /api/auth/sign-up HTTP/1.1\" 500 1332 \"-\" \"HTTPie\"","service":"acquisitions-api"}
{"level":"info","message":"::1 - - [17/Jul/2026:15:21:03 +0000] \"POST /api/auth/sign-up HTTP/1.1\" 400 92 \"-\" \"HTTPie\"","service":"acquisitions-api"}
{"level":"info","message":"::1 - - [17/Jul/2026:15:23:23 +0000] \"POST /api/auth/sign-up HTTP/1.1\" 400 144 \"-\" \"HTTPie\"","service":"acquisitions-api"}
{"level":"info","message":"User registered successfully: contact@jsmastery.com","service":"acquisitions-api"}
{"level":"info","message":"::1 - - [17/Jul/2026:15:23:54 +0000] \"POST /api/auth/sign-up HTTP/1.1\" 201 107 \"-\" \"HTTPie\"","service":"acquisitions-api"}
{"level":"info","message":"User registered successfully: contact@jsmastery.com","service":"acquisitions-api"}
{"level":"info","message":"::1 - - [17/Jul/2026:15:28:47 +0000] \"POST /api/auth/sign-up HTTP/1.1\" 201 107 \"-\" \"HTTPie\"","service":"acquisitions-api"}
{"level":"info","message":"user admin@jsmastery.pro created successfully.","service":"acquisitions-api"}
{"level":"info","message":"User registered successfully: admin@jsmastery.pro","service":"acquisitions-api"}
{"level":"info","message":"::1 - - [17/Jul/2026:15:48:47 +0000] \"POST /api/auth/sign-up HTTP/1.1\" 201 105 \"-\" \"HTTPie\"","service":"acquisitions-api"}
{"level":"info","message":"user adrian@jsmastery.pro created successfully.","service":"acquisitions-api"}
{"level":"info","message":"User registered successfully: adrian@jsmastery.pro","service":"acquisitions-api"}
{"level":"info","message":"::1 - - [17/Jul/2026:15:49:21 +0000] \"POST /api/auth/sign-up HTTP/1.1\" 201 106 \"-\" \"HTTPie\"","service":"acquisitions-api"}
{"level":"info","message":"User adrian@jsmastery.pro authenticated successfully","service":"acquisitions-api"}
{"level":"info","message":"User signed in successfully: adrian@jsmastery.pro","service":"acquisitions-api"}
{"level":"info","message":"::1 - - [17/Jul/2026:16:25:41 +0000] \"POST /api/auth/sign-in HTTP/1.1\" 200 118 \"-\" \"HTTPie\"","service":"acquisitions-api"}
{"level":"info","message":"User signed out successfully","service":"acquisitions-api"}
{"level":"info","message":"::1 - - [17/Jul/2026:16:26:03 +0000] \"POST /api/auth/sign-out HTTP/1.1\" 200 42 \"-\" \"HTTPie\"","service":"acquisitions-api"}
{"level":"info","message":"User signed out successfully","service":"acquisitions-api"}
{"level":"info","message":"::1 - - [17/Jul/2026:16:26:11 +0000] \"POST /api/auth/sign-out HTTP/1.1\" 200 42 \"-\" \"HTTPie\"","service":"acquisitions-api"}
